【记录时间】2016-09-23 14:02:27,909
【日志级别】ERROR
【出错类】[(null)]
【错误描述】控制器：Home/index
参数信息：不能处理参数绑定




【记录时间】2016-09-23 14:02:27,909
【日志级别】ERROR
【出错类】[(null)]
【错误描述】控制器：Home/Index
参数名:id, 参数类型:System.String, 参数值:null





【记录时间】2016-09-23 14:02:36,529
【日志级别】ERROR
【出错类】[(null)]
【错误描述】控制器：Home/index
参数信息：不能处理参数绑定




【记录时间】2016-09-23 14:04:35,738
【日志级别】ERROR
【出错类】[(null)]
【错误描述】控制器：Home/Index
参数名:id, 参数类型:System.String, 参数值:null





【记录时间】2016-09-23 14:04:56,062
【日志级别】ERROR
【出错类】[(null)]
【错误描述】控制器：Home/index
参数名:id, 参数类型:System.String, 参数值:"1"





【记录时间】2016-09-23 14:17:31,128
【日志级别】ERROR
【出错类】[(null)]
【错误描述】控制器：Home/Error1
参数名:id, 参数类型:System.String, 参数值:"测试"





【记录时间】2016-09-23 14:17:57,762
【日志级别】ERROR
【出错类】[(null)]
【错误描述】控制器：Home/Error2
参数名:stu, 参数类型:Demo.Student, 参数值:{"Name":"小明","Age":"2"}





【记录时间】2016-09-23 14:18:10,052
【日志级别】ERROR
【出错类】[(null)]
【错误描述】控制器：Home/Error3
参数名:classes, 参数类型:Demo.Calsses, 参数值:{"ClassName":"一年级","Students":[{"Name":"小明3","Age":"2"},{"Name":"小明2","Age":"2"}]}





【记录时间】2016-09-23 14:20:53,274
【日志级别】ERROR
【出错类】[(null)]
【错误描述】控制器：Home/Error1
【参数信息】
参数名:id, 参数类型:System.String, 参数值:"测试"

【错误详情】
尝试除以零。




